Random Cycled Low Density       random  "graph-chordal [n=10, density=0.100000, num_components=1, target_cycle_count_approx=-1]"        10      10      dijkstra        0.0720  0.0720  0.0720   0.0000  1
Random Cycled Low Density       random  "graph-chordal [n=10, density=0.100000, num_components=1, target_cycle_count_approx=-1]"        10      10      bellman_ford    0.0012  0.0012  0.0012   0.0000  1
Random Cycled Low Density       random  "graph-chordal [n=10, density=0.100000, num_components=1, target_cycle_count_approx=-1]"        10      10      bmssp   0.3325  0.3325  0.3325  0.0000   1
Random Cycled Low Density       random  "graph-chordal [n=25, density=0.100000, num_components=1, target_cycle_count_approx=-1]"        25      60      dijkstra        0.1549  0.1549  0.1549   0.0000  1
Random Cycled Low Density       random  "graph-chordal [n=25, density=0.100000, num_components=1, target_cycle_count_approx=-1]"        25      60      bellman_ford    0.0054  0.0054  0.0054   0.0000  1
Random Cycled Low Density       random  "graph-chordal [n=25, density=0.100000, num_components=1, target_cycle_count_approx=-1]"        25      60      bmssp   2.0716  2.0716  2.0716  0.0000   1
Random Cycled Low Density       random  "graph-chordal [n=50, density=0.100000, num_components=1, target_cycle_count_approx=-1]"        50      245     dijkstra        0.1546  0.1546  0.1546   0.0000  1
Random Cycled Low Density       random  "graph-chordal [n=50, density=0.100000, num_components=1, target_cycle_count_approx=-1]"        50      245     bellman_ford    0.0171  0.0171  0.0171   0.0000  1
Random Cycled Low Density       random  "graph-chordal [n=50, density=0.100000, num_components=1, target_cycle_count_approx=-1]"        50      245     bmssp   5.0646  5.0646  5.0646  0.0000   1
Random Cycled Low Density       random  "graph-chordal [n=75, density=0.100000, num_components=1, target_cycle_count_approx=-1]"        75      555     dijkstra        0.1874  0.1874  0.1874   0.0000  1
Random Cycled Low Density       random  "graph-chordal [n=75, density=0.100000, num_components=1, target_cycle_count_approx=-1]"        75      555     bellman_ford    0.0408  0.0408  0.0408   0.0000  1
Random Cycled Low Density       random  "graph-chordal [n=75, density=0.100000, num_components=1, target_cycle_count_approx=-1]"        75      555     bmssp   11.5925 11.5925 11.5925 0.0000   1
Random Cycled Low Density       random  "graph-chordal [n=100, density=0.100000, num_components=1, target_cycle_count_approx=-1]"       100     990     dijkstra        0.2867  0.2867  0.2867   0.0000  1
Random Cycled Low Density       random  "graph-chordal [n=100, density=0.100000, num_components=1, target_cycle_count_approx=-1]"       100     990     bellman_ford    0.0943  0.0943  0.0943   0.0000  1
Random Cycled Low Density       random  "graph-chordal [n=100, density=0.100000, num_components=1, target_cycle_count_approx=-1]"       100     990     bmssp   22.5774 22.5774 22.5774 0.0000   1
Random Cycled Low Density       random  "graph-chordal [n=250, density=0.100000, num_components=1, target_cycle_count_approx=-1]"       250     6225    dijkstra        0.9435  0.9435  0.9435   0.0000  1
Random Cycled Low Density       random  "graph-chordal [n=250, density=0.100000, num_components=1, target_cycle_count_approx=-1]"       250     6225    bellman_ford    0.6108  0.6108  0.6108   0.0000  1
Random Cycled Low Density       random  "graph-chordal [n=250, density=0.100000, num_components=1, target_cycle_count_approx=-1]"       250     6225    bmssp   159.0378        159.0378159.0378 0.0000  1
Random Cycled Low Density       random  "graph-chordal [n=500, density=0.100000, num_components=1, target_cycle_count_approx=-1]"       500     24950   dijkstra        5.4605  5.4605  5.4605   0.0000  1
Random Cycled Low Density       random  "graph-chordal [n=500, density=0.100000, num_components=1, target_cycle_count_approx=-1]"       500     24950   bellman_ford    2.3038  2.3038  2.3038   0.0000  1
Random Cycled Low Density       random  "graph-chordal [n=500, density=0.100000, num_components=1, target_cycle_count_approx=-1]"       500     24950   bmssp   676.5460        676.5460676.5460 0.0000  1
Random Cycled Low Density       random  "graph-chordal [n=750, density=0.100000, num_components=1, target_cycle_count_approx=-1]"       750     56175   dijkstra        5.2945  5.2945  5.2945   0.0000  1
Random Cycled Low Density       random  "graph-chordal [n=750, density=0.100000, num_components=1, target_cycle_count_approx=-1]"       750     56175   bellman_ford    7.2525  7.2525  7.2525   0.0000  1
Random Cycled Low Density       random  "graph-chordal [n=750, density=0.100000, num_components=1, target_cycle_count_approx=-1]"       750     56175   bmssp   1581.1498       1581.14981581.1498       0.0000  1
Random Cycled Low Density       random  "graph-chordal [n=1000, density=0.100000, num_components=1, target_cycle_count_approx=-1]"      1000    99900   dijkstra        6.9318  6.9318  6.9318   0.0000  1
Random Cycled Low Density       random  "graph-chordal [n=1000, density=0.100000, num_components=1, target_cycle_count_approx=-1]"      1000    99900   bellman_ford    15.5624 15.5624 15.5624  0.0000  1
Random Cycled Low Density       random  "graph-chordal [n=1000, density=0.100000, num_components=1, target_cycle_count_approx=-1]"      1000    99900   bmssp   3114.1170       3114.11703114.1170       0.0000  1
Random Cycled Low Density       random  "graph-chordal [n=2500, density=0.100000, num_components=1, target_cycle_count_approx=-1]"      2500    624750  dijkstra        26.7452 26.7452 26.7452  0.0000  1
Random Cycled Low Density       random  "graph-chordal [n=2500, density=0.100000, num_components=1, target_cycle_count_approx=-1]"      2500    624750  bellman_ford    80.6088 80.6088 80.6088  0.0000  1
Random Cycled Low Density       random  "graph-chordal [n=2500, density=0.100000, num_components=1, target_cycle_count_approx=-1]"      2500    624750  bmssp   24160.4294      24160.4294       24160.4294      0.0000  1
Random Cycled Low Density       random  "graph-chordal [n=5000, density=0.100000, num_components=1, target_cycle_count_approx=-1]"      5000    2499500 dijkstra        82.3493 82.3493 82.3493  0.0000  1
Random Cycled Low Density       random  "graph-chordal [n=5000, density=0.100000, num_components=1, target_cycle_count_approx=-1]"      5000    2499500 bellman_ford    353.2474        353.2474 353.2474        0.0000  1
Random Cycled Low Density       random  "graph-chordal [n=5000, density=0.100000, num_components=1, target_cycle_count_approx=-1]"      5000    2499500 bmssp   161375.5970     161375.5970      161375.5970     0.0000  1
Random Cycled Low Density       random  "graph-chordal [n=7500, density=0.100000, num_components=1, target_cycle_count_approx=-1]"      7500    5624250 dijkstra        153.9225        153.9225 153.9225        0.0000  1
Random Cycled Low Density       random  "graph-chordal [n=7500, density=0.100000, num_components=1, target_cycle_count_approx=-1]"      7500    5624250 bellman_ford    875.9692        875.9692 875.9692        0.0000  1
Random Cycled Low Density       random  "graph-chordal [n=7500, density=0.100000, num_components=1, target_cycle_count_approx=-1]"      7500    5624250 bmssp   369892.0689     369892.0689     369892.0689      0.0000  1
Random Cycled Low Density       random  "graph-chordal [n=10000, density=0.100000, num_components=1, target_cycle_count_approx=-1]"     10000   9999000 dijkstra        242.6203        242.6203242.6203 0.0000  1
Random Cycled Low Density       random  "graph-chordal [n=10000, density=0.100000, num_components=1, target_cycle_count_approx=-1]"     10000   9999000 bellman_ford    1669.1770       1669.17701669.1770       0.0000  1
Random Cycled Low Density       random  "graph-chordal [n=10000, density=0.100000, num_components=1, target_cycle_count_approx=-1]"     10000   9999000 bmssp   ERROR